Processing group 0 with processor 1:
0.44518140000000006040
0.40624089999999990486
0.39603039999999989362
0.42664490000000010461
0.47920799999999985630
0.41907380000000005182
0.43015110000000023049
0.47240159999999997709
Processing group 0 with processor 1:
0.44518140000000006040
0.85142229999999996526
1.24745269999999974786
1.67409759999999985247
2.15330559999999948673
2.57237939999999953855
3.00253049999999976905
3.47493209999999974613
group0 done takes 3.47493209999999974613
 
Processing group 1 with processor 1:
0.39394330000000010727
0.43402750000000001052
0.40980020000000028091
0.52581349999999993372
0.46174159999999986326
0.43523750000000038796
0.49017079999999957352
0.51764860000000023632
Processing group 1 with processor 1:
0.39394330000000010727
0.82797080000000011779
1.23777100000000039870
1.76358450000000033242
2.22532610000000019568
2.66056360000000058363
3.15073440000000015715
3.66838300000000039347
group1 done takes 3.66838300000000039347
 
Processing group 2 with processor 1:
0.46986829999999990548
0.40105459999999926168
0.44769250000000049283
0.40093479999999992458
0.39514420000000072264
0.39571529999999910387
0.42307759999999916545
0.47176600000000057378
Processing group 2 with processor 1:
0.46986829999999990548
0.87092289999999916716
1.31861539999999966000
1.71955019999999958458
2.11469440000000030722
2.51040969999999941109
2.93348729999999857654
3.40525329999999915032
group2 done takes 3.40525329999999915032
 
Processing group 3 with processor 1:
0.39424179999999964252
0.40631360000000071864
0.41912970000000093762
0.41882370000000079813
0.41696120000000114203
0.40611280000000071766
0.40012879999999917402
0.42157920000000004279
Processing group 3 with processor 1:
0.39424179999999964252
0.80055540000000036116
1.21968510000000129878
1.63850880000000209691
2.05547000000000323894
2.46158280000000395660
2.86171160000000313062
3.28329080000000317341
group3 done takes 3.28329080000000317341
 
Processing group 4 with processor 1:
0.39371299999999997965
0.39678840000000015209
0.38853899999999974568
0.40703199999999917225
0.40381219999999906634
0.41866369999999974993
0.42353940000000278587
0.42376859999999894058
Processing group 4 with processor 1:
0.39371299999999997965
0.79050140000000013174
1.17904039999999987742
1.58607239999999904967
1.98988459999999811600
2.40854829999999786594
2.83208770000000065181
3.25585629999999959239
group4 done takes 3.25585629999999959239
 
Processing group 5 with processor 1:
0.44073309999999921160
0.45595000000000140972
0.46319569999999998799
0.43393480000000295149
0.43628539999999915722
0.46056150000000073419
0.45147680000000178779
0.49698229999999909978
Processing group 5 with processor 1:
0.44073309999999921160
0.89668310000000062132
1.35987880000000060932
1.79381360000000356081
2.23009900000000271802
2.69066050000000345221
3.14213730000000524001
3.63911960000000433979
group5 done takes 3.63911960000000433979
 
Processing group 6 with processor 1:
0.40193720000000254799
0.39214899999999985880
0.39507229999999893266
0.42959510000000022956
0.40605640000000065015
0.44250040000000012697
0.42380419999999929814
0.48257759999999905176
Processing group 6 with processor 1:
0.40193720000000254799
0.79408620000000240680
1.18915850000000133946
1.61875360000000156901
2.02481000000000221917
2.46731040000000234613
2.89111460000000164428
3.37369220000000069604
group6 done takes 3.37369220000000069604
 
Processing group 7 with processor 1:
0.60578830000000039036
0.65465470000000181017
0.59950849999999888951
0.47487809999999797128
0.53782370000000057075
0.54518540000000115242
0.76992939999999876477
0.58785639999999972360
Processing group 7 with processor 1:
0.60578830000000039036
1.26044300000000220052
1.85995150000000109003
2.33482959999999906131
2.87265329999999963206
3.41783870000000078448
4.18776809999999954925
4.77562449999999927286
group7 done takes 4.77562449999999927286
 
Processing group 8 with processor 1:
0.51870429999999956294
0.47562109999999790944
0.50176070000000194682
0.47103589999999684323
0.51430019999999743163
0.53796009999999938600
0.51829199999999531201
0.53037499999999937472
Processing group 8 with processor 1:
0.51870429999999956294
0.99432539999999747238
1.49608609999999941920
1.96712199999999626243
2.48142219999999369406
3.01938229999999308006
3.53767429999998839207
4.06804929999998776680
group8 done takes 4.06804929999998776680
 
Processing group 9 with processor 1:
0.49634139999999860038
0.49022570000000342816
0.53093789999999785323
0.71078379999999441452
1.27914679999999947313
0.57993359999999682941
0.44223139999999716565
0.47199580000000196378
Processing group 9 with processor 1:
0.49634139999999860038
0.98656710000000202854
1.51750499999999988177
2.22828879999999429629
3.50743559999999376942
4.08736919999999059883
4.52960059999998776448
5.00159639999998972826
group9 done takes 5.00159639999998972826
 

group done cultimate time takes 3.47493209999999974613
group done cultimate time takes 7.14331509999999969551
group done cultimate time takes 10.54856839999999884583
group done cultimate time takes 13.83185920000000201924
group done cultimate time takes 17.08771550000000161162
group done cultimate time takes 20.72683510000000595142
group done cultimate time takes 24.10052730000000664745
group done cultimate time takes 28.87615180000000592031
group done cultimate time takes 32.94420109999999368711
group done cultimate time takes 37.94579749999998341536

Processing group 0 with processor 2:
0.47651430000000516429
0.46618760000000492028
0.40994889999999628571
0.40791169999999965512
0.40593750000000028422
0.45319149999999552847
0.40802230000000605514
0.43846059999999908996
Processing group 0 with processor 2:
0.47651430000000516429
0.94270190000001008457
1.35265080000000637028
1.76056250000000602540
2.16650000000000630962
2.61969150000000183809
3.02771380000000789323
3.46617440000000698319
group0 done takes 3.46617440000000698319
 
Processing group 1 with processor 2:
0.40597079999999863276
0.39991619999999983293
0.39905180000000228802
0.39532170000000377286
0.40210019999999957463
0.40221939999999989368
0.44027020000000050004
0.47021960000000007085
Processing group 1 with processor 2:
0.40597079999999863276
0.80588699999999846568
1.20493880000000075370
1.60026050000000452656
2.00236070000000410118
2.40458010000000399486
2.84485030000000449490
3.31506990000000456575
group1 done takes 3.31506990000000456575
 
Processing group 2 with processor 2:
0.40844489999999922247
0.39426899999999420743
0.40109319999999826223
0.39753939999999943211
0.40089530000000195287
0.41011610000000331411
0.40775559999999444472
0.43196089999999998099
Processing group 2 with processor 2:
0.40844489999999922247
0.80271389999999342990
1.20380709999999169213
1.60134649999999112424
2.00224179999999307711
2.41235789999999639122
2.82011349999999083593
3.25207439999999081692
group2 done takes 3.25207439999999081692
 
Processing group 3 with processor 2:
0.39933210000000229911
0.39855929999999517577
0.39744249999999681222
0.40183210000000002537
0.39984199999999958663
0.40786619999999373931
0.40961519999999751462
0.47771829999999937399
Processing group 3 with processor 2:
0.39933210000000229911
0.79789139999999747488
1.19533389999999428710
1.59716599999999431247
1.99700799999999389911
2.40487419999998763842
2.81448939999998515304
3.29220769999998452704
group3 done takes 3.29220769999998452704
 
Processing group 4 with processor 2:
0.40198469999999986157
0.40546250000000583213
0.39545340000000095415
0.40815620000000052414
0.39723900000000611499
0.39739060000000137052
0.43026739999999819020
0.44753150000000374575
Processing group 4 with processor 2:
0.40198469999999986157
0.80744720000000569371
1.20290060000000664786
1.61105680000000717200
2.00829580000001328699
2.40568640000001465751
2.83595380000001284770
3.28348530000001659346
group4 done takes 3.28348530000001659346
 
Processing group 5 with processor 2:
0.40362860000000466698
0.39523989999999997735
0.40022170000000301116
0.40837339999999500151
0.40125400000000155387
0.43579350000000260934
0.48420909999999395268
0.46705269999999643460
Processing group 5 with processor 2:
0.40362860000000466698
0.79886850000000464433
1.19909020000000765549
1.60746360000000265700
2.00871760000000421087
2.44451110000000682021
2.92872020000000077289
3.39577289999999720749
group5 done takes 3.39577289999999720749
 
Processing group 6 with processor 2:
0.42930090000000120654
0.43924990000000008195
0.41681629999999358915
0.46306209999999481397
0.45445139999999639713
0.41704680000000138307
0.43110949999999803595
0.47378619999999926904
Processing group 6 with processor 2:
0.42930090000000120654
0.86855080000000128848
1.28536709999999487763
1.74842919999998969161
2.20288059999998608873
2.61992739999998747180
3.05103689999998550775
3.52482309999998477679
group6 done takes 3.52482309999998477679
 
Processing group 7 with processor 2:
0.42693179999999841812
0.39746210000000559148
0.41968500000000119599
0.41694119999999657011
0.45349590000000006285
0.52639250000000004093
0.56203979999999376105
0.54923820000000489472
Processing group 7 with processor 2:
0.42693179999999841812
0.82439390000000400960
1.24407890000000520558
1.66102010000000177570
2.11451600000000183854
2.64090850000000187947
3.20294829999999564052
3.75218650000000053524
group7 done takes 3.75218650000000053524
 
Processing group 8 with processor 2:
0.49692380000000468954
0.56368129999999894153
0.46616919999999595348
0.47895330000000058135
0.50978190000000722648
0.43719760000000462696
0.45484650000000215186
0.52833030000000746895
Processing group 8 with processor 2:
0.49692380000000468954
1.06060510000000363107
1.52677429999999958454
2.00572760000000016589
2.51550950000000739237
2.95270710000001201934
3.40755360000001417120
3.93588390000002164015
group8 done takes 3.93588390000002164015
 
Processing group 9 with processor 2:
0.47031750000000727141
0.45452749999999753072
0.47529629999999656320
0.45473910000001183107
0.45174829999999133179
0.47562560000000075888
0.43148670000000777236
0.50095989999999801512
Processing group 9 with processor 2:
0.47031750000000727141
0.92484500000000480213
1.40014130000000136533
1.85488040000001319640
2.30662870000000452819
2.78225430000000528707
3.21374100000001305943
3.71470090000001107455
group9 done takes 3.71470090000001107455
 

group done cultimate time takes 3.46617440000000698319
group done cultimate time takes 6.78124430000001154895
group done cultimate time takes 10.03331870000000236587
group done cultimate time takes 13.32552639999998689291
group done cultimate time takes 16.60901170000000348637
group done cultimate time takes 20.00478460000000069385
group done cultimate time takes 23.52960769999998547064
group done cultimate time takes 27.28179419999998600588
group done cultimate time takes 31.21767810000000764603
group done cultimate time takes 34.93237900000001872058

Processing group 0 with processor 4:
0.47623459999999795400
0.44528189999999767679
0.50823189999999840438
0.51601730000000145537
0.76988269999999658921
0.57139970000000062100
0.47251909999999952561
0.55760300000000029286
Processing group 0 with processor 4:
0.47623459999999795400
0.92151649999999563079
1.42974839999999403517
1.94576569999999549054
2.71564839999999207976
3.28704809999999270076
3.75956719999999222637
4.31717019999999251922
group0 done takes 4.31717019999999251922
 
Processing group 1 with processor 4:
0.51970549999998638668
0.49286689999999566680
0.50199930000000847485
0.52968900000000473938
0.51727909999999610591
0.58560810000000174114
0.58493479999999919983
0.64923339999999996053
Processing group 1 with processor 4:
0.51970549999998638668
1.01257239999998205349
1.51457169999999052834
2.04426069999999526772
2.56153979999999137362
3.14714789999999311476
3.73208269999999231459
4.38131609999999227512
group1 done takes 4.38131609999999227512
 
Processing group 2 with processor 4:
0.55730499999999949523
0.51951950000000124419
0.50494220000000211712
0.50002779999999802385
0.50669290000000444252
0.51085980000000574819
0.59054969999999684660
0.60552600000001177705
Processing group 2 with processor 4:
0.55730499999999949523
1.07682450000000073942
1.58176670000000285654
2.08179450000000088039
2.58848740000000532291
3.09934720000001107110
3.68989690000000791770
4.29542290000001969474
group2 done takes 4.29542290000001969474
 
Processing group 3 with processor 4:
0.51092979999999954543
0.48297809999999685715
0.45435260000000710079
0.49512059999999280535
0.44908409999999321371
0.46351980000000025939
0.48942459999999243792
0.58574369999999476022
Processing group 3 with processor 4:
0.51092979999999954543
0.99390789999999640258
1.44826050000000350337
1.94338109999999630872
2.39246519999998952244
2.85598499999998978183
3.34540959999998221974
3.93115329999997697996
group3 done takes 3.93115329999997697996
 
Processing group 4 with processor 4:
0.46421449999999708780
0.44973079999999754364
0.48735789999999212796
0.46222419999999431184
0.45373850000000004457
0.55981630000000848213
0.47734909999999786123
0.50998669999999890479
Processing group 4 with processor 4:
0.46421449999999708780
0.91394529999999463143
1.40130319999998675939
1.86352739999998107123
2.31726589999998111580
2.87708219999998959793
3.35443129999998745916
3.86441799999998636395
group4 done takes 3.86441799999998636395
 
Processing group 5 with processor 4:
0.47334960000000592117
0.49676069999999583615
0.46775679999998942549
0.47020559999999989031
0.49840020000000606615
0.47957150000000581258
0.48641779999999812389
0.49112010000000339005
Processing group 5 with processor 4:
0.47334960000000592117
0.97011030000000175733
1.43786709999999118281
1.90807269999999107313
2.40647289999999713928
2.88604440000000295186
3.37246220000000107575
3.86358230000000446580
group5 done takes 3.86358230000000446580
 
Processing group 6 with processor 4:
0.46990490000000306736
0.47370689999999626707
0.47745950000000902946
0.45705720000000837899
0.45496820000001036988
0.46291690000001040062
0.48694219999998722415
0.52834019999998815820
Processing group 6 with processor 4:
0.46990490000000306736
0.94361179999999933443
1.42107130000000836390
1.87812850000001674289
2.33309670000002711276
2.79601360000003751338
3.28295580000002473753
3.81129600000001289573
group6 done takes 3.81129600000001289573
 
Processing group 7 with processor 4:
0.47197800000000711407
0.45481599999999389183
0.46025540000000830787
0.44725040000000149121
0.46539440000000809050
0.47188570000000140681
0.52102049999999167085
0.47283000000000185992
Processing group 7 with processor 4:
0.47197800000000711407
0.92679400000000100590
1.38704940000000931377
1.83429980000001080498
2.29969420000001889548
2.77157990000002030229
3.29260040000001197313
3.76543040000001383305
group7 done takes 3.76543040000001383305
 
Processing group 8 with processor 4:
0.44748380000000054224
0.44368860000000154287
0.44040799999999080683
0.49152200000000334512
0.51863579999999842585
0.47725069999999902848
0.45176859999999408046
0.60393919999999923220
Processing group 8 with processor 4:
0.44748380000000054224
0.89117240000000208511
1.33158039999999289194
1.82310239999999623706
2.34173819999999466290
2.81898889999999369138
3.27075749999998777184
3.87469669999998700405
group8 done takes 3.87469669999998700405
 
Processing group 9 with processor 4:
0.49364750000000867658
0.50549790000000882628
0.84663209999999367028
0.53358469999999158517
0.54039589999999293468
0.50655450000000712407
0.51721310000000642049
0.52006710000000566652
Processing group 9 with processor 4:
0.49364750000000867658
0.99914540000001750286
1.84577750000001117314
2.37936220000000275832
2.91975809999999569300
3.42631260000000281707
3.94352570000000923756
4.46359280000001490407
group9 done takes 4.46359280000001490407
 

group done cultimate time takes 4.31717019999999251922
group done cultimate time takes 8.69848629999998479434
group done cultimate time takes 12.99390920000000448908
group done cultimate time takes 16.92506249999998146905
group done cultimate time takes 20.78948049999996783299
group done cultimate time takes 24.65306279999997229879
group done cultimate time takes 28.46435879999998519452
group done cultimate time takes 32.22978919999999902757
group done cultimate time takes 36.10448589999998603162
group done cultimate time takes 40.56807870000000093569

Processing group 0 with processor 8:
0.58582220000000972959
0.52184789999999736665
0.53862570000001142034
0.54013259999999263528
0.56764280000000155724
0.54018589999999733209
0.63784660000000314994
0.73595219999999983429
Processing group 0 with processor 8:
0.58582220000000972959
1.10767010000000709624
1.64629580000001851658
2.18642840000001115186
2.75407120000001270910
3.29425710000001004119
3.93210370000001319113
4.66805590000001302542
group0 done takes 4.66805590000001302542
 
Processing group 1 with processor 8:
0.57330720000000212622
0.65528319999999951051
0.69063199999999369538
0.94266040000000828059
0.65663340000000403052
0.62117609999999956472
0.57206859999999437605
0.68507569999999873289
Processing group 1 with processor 8:
0.57330720000000212622
1.22859040000000163673
1.91922239999999533211
2.86188280000000361269
3.51851620000000764321
4.13969230000000720793
4.71176090000000158398
5.39683660000000031687
group1 done takes 5.39683660000000031687
 
Processing group 2 with processor 8:
0.54406760000000531363
0.54837210000000879973
0.66446030000000178006
0.61689040000000261443
0.57019400000000075579
0.55924900000000832279
0.64434690000000216514
0.72663880000000347081
Processing group 2 with processor 8:
0.54406760000000531363
1.09243970000001411336
1.75690000000001589342
2.37379040000001850785
2.94398440000001926364
3.50323340000002758643
4.14758030000002975157
4.87421910000003322239
group2 done takes 4.87421910000003322239
 
Processing group 3 with processor 8:
0.93421600000002058550
0.70215200000001232183
0.54127429999999776555
0.57020800000000804175
0.60940659999999979846
0.61406530000002135239
0.60391760000001681874
0.84210239999998748317
Processing group 3 with processor 8:
0.93421600000002058550
1.63636800000003290734
2.17764230000003067289
2.74785030000003871464
3.35725690000003851310
3.97132220000005986549
4.57523980000007668423
5.41734220000006416740
group3 done takes 5.41734220000006416740
 
Processing group 4 with processor 8:
0.52006679999999505526
0.57470630000000255677
0.53648540000000366490
0.57156170000001793596
0.55562820000000101572
0.57632590000000050168
0.56783179999999333631
0.63439349999998739804
Processing group 4 with processor 8:
0.52006679999999505526
1.09477309999999761203
1.63125850000000127693
2.20282020000001921289
2.75844840000002022862
3.33477430000002073029
3.90260610000001406661
4.53699960000000146465
group4 done takes 4.53699960000000146465
 
Processing group 5 with processor 8:
0.54687959999998270177
0.56145160000002647394
0.55959490000000755572
0.54201809999997863088
0.54353809999997793057
0.55842939999999430256
0.69547970000002123925
0.63074969999999552783
Processing group 5 with processor 8:
0.54687959999998270177
1.10833120000000917571
1.66792610000001673143
2.20994419999999536230
2.75348229999997329287
3.31191169999996759543
4.00739139999998883468
4.63814109999998436251
group5 done takes 4.63814109999998436251
 
Processing group 6 with processor 8:
0.52949759999998491367
0.54380059999999730280
0.57084740000001943372
0.62207999999998264684
0.64703000000000088221
0.72663260000001628214
0.92164809999999874890
0.98374490000000491818
Processing group 6 with processor 8:
0.52949759999998491367
1.07329819999998221647
1.64414560000000165019
2.26622559999998429703
2.91325559999998517924
3.63988820000000146138
4.56153630000000021028
5.54528120000000512846
group6 done takes 5.54528120000000512846
 
Processing group 7 with processor 8:
0.69918110000000410764
0.68074159999997618797
0.58589779999999791471
0.61989199999999300417
0.57026639999997996711
0.59802400000000943692
0.68721960000002013658
0.84779539999999542488
Processing group 7 with processor 8:
0.69918110000000410764
1.37992269999998029562
1.96582049999997821033
2.58571249999997121449
3.15597889999995118160
3.75400289999996061852
4.44122249999998075509
5.28901789999997617997
group7 done takes 5.28901789999997617997
 
Processing group 8 with processor 8:
0.56448739999999020256
0.56924099999997679333
0.52922579999997765299
0.76388700000001108492
0.71465269999998781714
0.58787959999997951854
1.03324819999997430386
0.65882759999999507272
Processing group 8 with processor 8:
0.56448739999999020256
1.13372839999996699589
1.66295419999994464888
2.42684119999995573380
3.14149389999994355094
3.72937349999992306948
4.76262169999989737335
5.42144929999989244607
group8 done takes 5.42144929999989244607
 
Processing group 9 with processor 8:
0.55958039999998732128
0.59316279999998755557
0.60205000000001973604
0.70245289999999727115
0.57147609999998394414
0.74166070000001127482
0.57833080000000336440
0.62815480000000434302
Processing group 9 with processor 8:
0.55958039999998732128
1.15274319999997487685
1.75479319999999461288
2.45724609999999188403
3.02872219999997582818
3.77038289999998710300
4.34871369999999046740
4.97686849999999481042
group9 done takes 4.97686849999999481042
 

group done cultimate time takes 4.66805590000001302542
group done cultimate time takes 10.06489250000001334229
group done cultimate time takes 14.93911160000004656467
group done cultimate time takes 20.35645380000011073207
group done cultimate time takes 24.89345340000011219672
group done cultimate time takes 29.53159450000009655923
group done cultimate time takes 35.07687570000010168769
group done cultimate time takes 40.36589360000007786766
group done cultimate time takes 45.78734289999997031373
group done cultimate time takes 50.76421139999996512415

